#
# A fatal error has been detected by the Java Runtime Environment:
#
#  EXCEPTION_ACCESS_VIOLATION (0xc0000005) at pc=0x00007fff85c490fe, pid=10332, tid=12576
#
# JRE version: Java(TM) SE Runtime Environment (17.0.6+9) (build 17.0.6+9-LTS-190)
# Java VM: Java HotSpot(TM) 64-Bit Server VM (17.0.6+9-LTS-190, mixed mode, sharing, tiered, compressed oops, compressed class ptrs, g1 gc, windows-amd64)
# Problematic frame:
# V  [jvm.dll+0x1a90fe]
#
# No core dump will be written. Minidumps are not enabled by default on client versions of Windows
#
# If you would like to submit a bug report, please visit:
#   https://bugreport.java.com/bugreport/crash.jsp
#

---------------  S U M M A R Y ------------

Command Line: -Dclassworlds.conf=C:\Program Files\NetBeans-12.5\netbeans\java\maven\bin\..\bin\m2.conf -Dmaven.home=C:\Program Files\NetBeans-12.5\netbeans\java\maven\bin\.. -Dlibrary.jansi.path=C:\Program Files\NetBeans-12.5\netbeans\java\maven\bin\..\lib\jansi-native -Dmaven.multiModuleProjectDirectory=C:\Users\W10\Desktop\PortfolioWeb\PW_BackEnd org.codehaus.plexus.classworlds.launcher.Launcher -Dmaven.ext.class.path=C:\Program Files\NetBeans-12.5\netbeans\java\maven-nblib\netbeans-eventspy.jar -Dfile.encoding=UTF-8 --debug --errors --debug --errors --errors clean install

Host: Intel(R) Core(TM) i5-2410M CPU @ 2.30GHz, 4 cores, 3G,  Windows 10 , 64 bit Build 19041 (10.0.19041.2788)
Time: Sun Apr 23 21:40:06 2023 Hora estándar de Argentina elapsed time: 15.720133 seconds (0d 0h 0m 15s)

---------------  T H R E A D  ---------------

Current thread (0x0000025c94ace950):  JavaThread "C2 CompilerThread0" daemon [_thread_in_native, id=12576, stack(0x0000009752500000,0x0000009752600000)]


Current CompileTask:
C2:  15720 6179       4       lombok.core.AST::buildWithField (21 bytes)

Stack: [0x0000009752500000,0x0000009752600000],  sp=0x00000097525fb480,  free space=1005k
Native frames: (J=compiled Java code, j=interpreted, Vv=VM code, C=native code)
V  [jvm.dll+0x1a90fe]
V  [jvm.dll+0x21b377]
V  [jvm.dll+0x219cb9]
V  [jvm.dll+0x217f27]
V  [jvm.dll+0x215109]
V  [jvm.dll+0x1a1730]
V  [jvm.dll+0x224b6e]
V  [jvm.dll+0x222f15]
V  [jvm.dll+0x78753c]
V  [jvm.dll+0x781a7a]
V  [jvm.dll+0x672375]
C  [ucrtbase.dll+0x21bb2]
C  [KERNEL32.DLL+0x17604]
C  [ntdll.dll+0x526a1]


siginfo: EXCEPTION_ACCESS_VIOLATION (0xc0000005), reading address 0x000002dcb0c2db5c


Register to memory mapping:

RIP=0x00007fff85c490fe jvm.dll
RAX=0x0 is NULL
RBX=0x0000025cb3c7ecf0 points into unknown readable memory: 0x0000025cb3c7ed30 | 30 ed c7 b3 5c 02 00 00
RCX=0x0 is NULL
RDX=0x0000000000000003 is an unknown value
RSP=0x00000097525fb480 is pointing into the stack for thread: 0x0000025c94ace950
RBP=0x00000097525fb548 is pointing into the stack for thread: 0x0000025c94ace950
RSI=0x0000025cb3c7ebb0 points into unknown readable memory: 0x0000025cb3c7ebf0 | f0 eb c7 b3 5c 02 00 00
RDI=0x000002dcb0c2db10 is an unknown value
R8 =0x0 is NULL
R9 =0x0 is NULL
R10=0x0000000000000003 is an unknown value
R11=0x0000000000000003 is an unknown value
R12=0x0000000000000001 is an unknown value
R13=0x00000097525fb5b0 is pointing into the stack for thread: 0x0000025c94ace950
R14=0x0000000000000240 is an unknown value
R15=0x00000097525fb610 is pointing into the stack for thread: 0x0000025c94ace950


Registers:
RAX=0x0000000000000000, RBX=0x0000025cb3c7ecf0, RCX=0x0000000000000000, RDX=0x0000000000000003
RSP=0x00000097525fb480, RBP=0x00000097525fb548, RSI=0x0000025cb3c7ebb0, RDI=0x000002dcb0c2db10
R8 =0x0000000000000000, R9 =0x0000000000000000, R10=0x0000000000000003, R11=0x0000000000000003
R12=0x0000000000000001, R13=0x00000097525fb5b0, R14=0x0000000000000240, R15=0x00000097525fb610
RIP=0x00007fff85c490fe, EFLAGS=0x0000000000010202

Top of Stack: (sp=0x00000097525fb480)
0x00000097525fb480:   0000025cb3068778 00000000000b5730
0x00000097525fb490:   00000097525fb610 0000000000000005
0x00000097525fb4a0:   0000009700000003 0000000000000003
0x00000097525fb4b0:   0000000000000000 00000097525febf0
0x00000097525fb4c0:   0000000000000001 00007fff85cbb377
0x00000097525fb4d0:   0000025cb3c82180 00007fff85aa0000
0x00000097525fb4e0:   0000025cb3c81ee8 00000000000000d2
0x00000097525fb4f0:   0000025c94ac63f0 00007fff00000080
0x00000097525fb500:   0000025cb30652d0 00007fff00000066
0x00000097525fb510:   0000000000000200 0000025cb30610d0
0x00000097525fb520:   0000000000000200 0000025c94ac63f0
0x00000097525fb530:   0000025c00000000 00007fff8623411f
0x00000097525fb540:   0000025cb1daa3f0 0000000000000050
0x00000097525fb550:   0000000000000002 0000025c94a36740
0x00000097525fb560:   0000000000000000 0000025c94ac63f0
0x00000097525fb570:   00000097525febf0 0000000000013dc0 

Instructions: (pc=0x00007fff85c490fe)
0x00007fff85c48ffe:   48 8b 83 58 08 00 00 48 8b 5c 24 30 48 8b 04 01
0x00007fff85c4900e:   48 83 c4 28 c3 cc cc cc cc cc cc cc cc cc cc cc
0x00007fff85c4901e:   cc cc 48 89 5c 24 08 57 48 83 ec 20 48 8b 41 08
0x00007fff85c4902e:   8b d2 48 8b 3c d0 65 48 8b 04 25 58 00 00 00 8b
0x00007fff85c4903e:   15 f5 5b 99 00 48 8b 1c d0 b8 50 00 00 00 80 3c
0x00007fff85c4904e:   18 00 75 05 e8 15 51 68 00 b8 20 00 00 00 48 8b
0x00007fff85c4905e:   cf 48 8b 04 18 48 8b 90 d0 04 00 00 48 8b 07 48
0x00007fff85c4906e:   8b 9a 80 00 00 00 ff 50 68 8b c0 48 8d 0c c5 18
0x00007fff85c4907e:   0b 00 00 48 8b 83 58 08 00 00 48 8b 5c 24 30 48
0x00007fff85c4908e:   8b 04 01 48 83 c4 20 5f c3 cc cc cc cc cc cc cc
0x00007fff85c4909e:   cc cc 48 89 5c 24 08 48 89 74 24 10 48 89 7c 24
0x00007fff85c490ae:   18 41 56 48 83 ec 40 48 8b 41 30 45 33 f6 45 33
0x00007fff85c490be:   db 45 33 d2 48 8b f1 48 8b d9 44 8b 40 4c 44 2b
0x00007fff85c490ce:   41 14 44 03 41 10 0f 1f 40 00 0f 1f 84 00 00 00
0x00007fff85c490de:   00 00 8b 4b 14 44 8b 4b 18 48 8b 7b 30 44 2b c9
0x00007fff85c490ee:   2b 4b 10 41 d1 f9 48 3b de 0f 94 c0 42 8d 14 19
0x00007fff85c490fe:   8b 4f 4c 88 44 24 30 44 89 54 24 28 44 89 5c 24
0x00007fff85c4910e:   20 e8 cc 2e e6 ff 48 8b 1b 45 33 c0 44 8b 5f 6c
0x00007fff85c4911e:   44 8b 57 50 45 8d 34 c6 48 85 db 75 b5 41 8b d2
0x00007fff85c4912e:   33 c9 e8 2b f7 13 00 48 8b 5c 24 50 48 8b 74 24
0x00007fff85c4913e:   58 48 8b 7c 24 60 41 8d 04 c6 48 83 c4 40 41 5e
0x00007fff85c4914e:   c3 cc 83 79 38 00 0f 94 c0 c3 cc cc cc cc cc cc
0x00007fff85c4915e:   cc cc 48 83 ec 28 48 8b 49 78 48 85 c9 74 17 48
0x00007fff85c4916e:   8d 15 74 fb 70 00 e8 cb 61 68 00 48 85 c0 0f 95
0x00007fff85c4917e:   c0 48 83 c4 28 c3 32 c0 48 83 c4 28 c3 cc cc cc
0x00007fff85c4918e:   cc cc 4c 8b dc 49 89 5b 10 55 56 57 41 54 41 55
0x00007fff85c4919e:   41 56 41 57 48 83 ec 30 48 8b 41 08 4c 8b e1 48
0x00007fff85c491ae:   8b 48 30 8b 51 38 89 54 24 70 85 d2 0f 8e 28 01
0x00007fff85c491be:   00 00 48 8b 58 28 4d 8d 4b b8 4c 8b c3 49 c7 43
0x00007fff85c491ce:   20 00 00 00 00 49 8d 53 20 49 c7 43 b8 00 00 00
0x00007fff85c491de:   00 e8 2c 6b 3b 00 84 c0 0f 84 fc 00 00 00 4c 39
0x00007fff85c491ee:   a4 24 88 00 00 00 0f 85 ee 00 00 00 48 8b 05 0f 


Stack slot to memory mapping:
stack at sp + 0 slots: 0x0000025cb3068778 points into unknown readable memory: 0x00121cd53ebc16cf | cf 16 bc 3e d5 1c 12 00
stack at sp + 1 slots: 0x00000000000b5730 is an unknown value
stack at sp + 2 slots: 0x00000097525fb610 is pointing into the stack for thread: 0x0000025c94ace950
stack at sp + 3 slots: 0x0000000000000005 is an unknown value
stack at sp + 4 slots: 0x0000009700000003 is an unknown value
stack at sp + 5 slots: 0x0000000000000003 is an unknown value
stack at sp + 6 slots: 0x0 is NULL
stack at sp + 7 slots: 0x00000097525febf0 is pointing into the stack for thread: 0x0000025c94ace950


---------------  P R O C E S S  ---------------

Threads class SMR info:
_java_thread_list=0x0000025cb21db6c0, length=12, elements={
0x0000025c949ef030, 0x0000025c94ab2e60, 0x0000025c94ab39e0, 0x0000025c94ac7a90,
0x0000025c94ac9360, 0x0000025c94ac9c20, 0x0000025c94acb4f0, 0x0000025c94ace950,
0x0000025cafc79100, 0x0000025cafc841e0, 0x0000025cb0857970, 0x0000025cb085d030
}

Java Threads: ( => current thread )
  0x0000025c949ef030 JavaThread "main" [_thread_in_Java, id=1460, stack(0x0000009751800000,0x0000009751900000)]
  0x0000025c94ab2e60 JavaThread "Reference Handler" daemon [_thread_blocked, id=3216, stack(0x0000009751f00000,0x0000009752000000)]
  0x0000025c94ab39e0 JavaThread "Finalizer" daemon [_thread_blocked, id=11612, stack(0x0000009752000000,0x0000009752100000)]
  0x0000025c94ac7a90 JavaThread "Signal Dispatcher" daemon [_thread_blocked, id=7540, stack(0x0000009752100000,0x0000009752200000)]
  0x0000025c94ac9360 JavaThread "Attach Listener" daemon [_thread_blocked, id=7044, stack(0x0000009752200000,0x0000009752300000)]
  0x0000025c94ac9c20 JavaThread "Service Thread" daemon [_thread_blocked, id=2700, stack(0x0000009752300000,0x0000009752400000)]
  0x0000025c94acb4f0 JavaThread "Monitor Deflation Thread" daemon [_thread_blocked, id=6240, stack(0x0000009752400000,0x0000009752500000)]
=>0x0000025c94ace950 JavaThread "C2 CompilerThread0" daemon [_thread_in_native, id=12576, stack(0x0000009752500000,0x0000009752600000)]
  0x0000025cafc79100 JavaThread "C1 CompilerThread0" daemon [_thread_blocked, id=10732, stack(0x0000009752600000,0x0000009752700000)]
  0x0000025cafc841e0 JavaThread "Sweeper thread" daemon [_thread_blocked, id=11476, stack(0x0000009752700000,0x0000009752800000)]
  0x0000025cb0857970 JavaThread "Notification Thread" daemon [_thread_blocked, id=12432, stack(0x0000009752800000,0x0000009752900000)]
  0x0000025cb085d030 JavaThread "Common-Cleaner" daemon [_thread_blocked, id=5940, stack(0x0000009752a00000,0x0000009752b00000)]

Other Threads:
  0x0000025c94aac440 VMThread "VM Thread" [stack: 0x0000009751e00000,0x0000009751f00000] [id=4796]
  0x0000025c94a3ce60 WatcherThread [stack: 0x0000009752900000,0x0000009752a00000] [id=9644]
  0x0000025c94a2b060 GCTaskThread "GC Thread#0" [stack: 0x0000009751900000,0x0000009751a00000] [id=13184]
  0x0000025cb1002af0 GCTaskThread "GC Thread#1" [stack: 0x0000009752b00000,0x0000009752c00000] [id=12552]
  0x0000025cb0fbf0c0 GCTaskThread "GC Thread#2" [stack: 0x0000009752c00000,0x0000009752d00000] [id=7868]
  0x0000025cb10637c0 GCTaskThread "GC Thread#3" [stack: 0x0000009752d00000,0x0000009752e00000] [id=7572]
  0x0000025c94a34340 ConcurrentGCThread "G1 Main Marker" [stack: 0x0000009751a00000,0x0000009751b00000] [id=3616]
  0x0000025c94a35400 ConcurrentGCThread "G1 Conc#0" [stack: 0x0000009751b00000,0x0000009751c00000] [id=3088]
  0x0000025c94a86da0 ConcurrentGCThread "G1 Refine#0" [stack: 0x0000009751c00000,0x0000009751d00000] [id=6996]
  0x0000025cb0f584b0 ConcurrentGCThread "G1 Refine#1" [stack: 0x0000009752e00000,0x0000009752f00000] [id=9296]
  0x0000025c94a899e0 ConcurrentGCThread "G1 Service" [stack: 0x0000009751d00000,0x0000009751e00000] [id=8744]

Threads with active compile tasks:
C2 CompilerThread0    15784 6179       4       lombok.core.AST::buildWithField (21 bytes)

VM state: not at safepoint (normal execution)

VM Mutex/Monitor currently owned by a thread: None

Heap address: 0x00000000c0c00000, size: 1012 MB, Compressed Oops mode: 32-bit

CDS archive(s) mapped at: [0x0000000800000000-0x0000000800bd0000-0x0000000800bd0000), size 12386304, SharedBaseAddress: 0x0000000800000000, ArchiveRelocationMode: 0.
Compressed class space mapped at: 0x0000000800c00000-0x0000000840c00000, reserved size: 1073741824
Narrow klass base: 0x0000000800000000, Narrow klass shift: 0, Narrow klass range: 0x100000000

GC Precious Log:
 CPUs: 4 total, 4 available
 Memory: 4043M
 Large Page Support: Disabled
 NUMA Support: Disabled
 Compressed Oops: Enabled (32-bit)
 Heap Region Size: 1M
 Heap Min Capacity: 8M
 Heap Initial Capacity: 64M
 Heap Max Capacity: 1012M
 Pre-touch: Disabled
 Parallel Workers: 4
 Concurrent Workers: 1
 Concurrent Refinement Workers: 4
 Periodic GC: Disabled

Heap:
 garbage-first heap   total 118784K, used 53410K [0x00000000c0c00000, 0x0000000100000000)
  region size 1024K, 22 young (22528K), 6 survivors (6144K)
 Metaspace       used 26075K, committed 26432K, reserved 1073152K
  class space    used 2882K, committed 3072K, reserved 1048576K

Heap Regions: E=young(eden), S=young(survivor), O=old, HS=humongous(starts), HC=humongous(continues), CS=collection set, F=free, OA=open archive, CA=closed archive, TAMS=top-at-mark-start (previous, next)
|   0|0x00000000c0c00000, 0x00000000c0d00000, 0x00000000c0d00000|100%| O|  |TAMS 0x00000000c0d00000, 0x00000000c0c00000| Untracked 
|   1|0x00000000c0d00000, 0x00000000c0e00000, 0x00000000c0e00000|100%| O|  |TAMS 0x00000000c0e00000, 0x00000000c0d00000| Untracked 
|   2|0x00000000c0e00000, 0x00000000c0f00000, 0x00000000c0f00000|100%| O|  |TAMS 0x00000000c0f00000, 0x00000000c0e00000| Untracked 
|   3|0x00000000c0f00000, 0x00000000c1000000, 0x00000000c1000000|100%| O|  |TAMS 0x00000000c1000000, 0x00000000c0f00000| Untracked 
|   4|0x00000000c1000000, 0x00000000c1100000, 0x00000000c1100000|100%| O|  |TAMS 0x00000000c1100000, 0x00000000c1000000| Untracked 
|   5|0x00000000c1100000, 0x00000000c1200000, 0x00000000c1200000|100%| O|  |TAMS 0x00000000c1200000, 0x00000000c1100000| Untracked 
|   6|0x00000000c1200000, 0x00000000c1300000, 0x00000000c1300000|100%| O|  |TAMS 0x00000000c1300000, 0x00000000c1200000| Untracked 
|   7|0x00000000c1300000, 0x00000000c1400000, 0x00000000c1400000|100%| O|  |TAMS 0x00000000c1400000, 0x00000000c1300000| Untracked 
|   8|0x00000000c1400000, 0x00000000c1500000, 0x00000000c1500000|100%| O|  |TAMS 0x00000000c1500000, 0x00000000c1400000| Untracked 
|   9|0x00000000c1500000, 0x00000000c1600000, 0x00000000c1600000|100%|HS|  |TAMS 0x00000000c1500000, 0x00000000c1500000| Complete 
|  10|0x00000000c1600000, 0x00000000c1700000, 0x00000000c1700000|100%| O|  |TAMS 0x00000000c1700000, 0x00000000c1600000| Untracked 
|  11|0x00000000c1700000, 0x00000000c17eec00, 0x00000000c1800000| 93%| O|  |TAMS 0x00000000c17eec00, 0x00000000c1700000| Untracked 
|  12|0x00000000c1800000, 0x00000000c1900000, 0x00000000c1900000|100%|HS|  |TAMS 0x00000000c1900000, 0x00000000c1800000| Complete 
|  13|0x00000000c1900000, 0x00000000c1a00000, 0x00000000c1a00000|100%|HS|  |TAMS 0x00000000c1a00000, 0x00000000c1900000| Complete 
|  14|0x00000000c1a00000, 0x00000000c1b00000, 0x00000000c1b00000|100%| O|  |TAMS 0x00000000c1b00000, 0x00000000c1a00000| Untracked 
|  15|0x00000000c1b00000, 0x00000000c1c00000, 0x00000000c1c00000|100%| O|  |TAMS 0x00000000c1c00000, 0x00000000c1b00000| Untracked 
|  16|0x00000000c1c00000, 0x00000000c1d00000, 0x00000000c1d00000|100%| O|  |TAMS 0x00000000c1d00000, 0x00000000c1c00000| Untracked 
|  17|0x00000000c1d00000, 0x00000000c1e00000, 0x00000000c1e00000|100%| O|  |TAMS 0x00000000c1e00000, 0x00000000c1d00000| Untracked 
|  18|0x00000000c1e00000, 0x00000000c1f00000, 0x00000000c1f00000|100%| O|  |TAMS 0x00000000c1f00000, 0x00000000c1e00000| Untracked 
|  19|0x00000000c1f00000, 0x00000000c2000000, 0x00000000c2000000|100%| O|  |TAMS 0x00000000c2000000, 0x00000000c1f00000| Untracked 
|  20|0x00000000c2000000, 0x00000000c2100000, 0x00000000c2100000|100%| O|  |TAMS 0x00000000c2100000, 0x00000000c2000000| Untracked 
|  21|0x00000000c2100000, 0x00000000c2200000, 0x00000000c2200000|100%| O|  |TAMS 0x00000000c2200000, 0x00000000c2100000| Untracked 
|  22|0x00000000c2200000, 0x00000000c2300000, 0x00000000c2300000|100%| O|  |TAMS 0x00000000c2300000, 0x00000000c2200000| Untracked 
|  23|0x00000000c2300000, 0x00000000c2300000, 0x00000000c2400000|  0%| F|  |TAMS 0x00000000c2300000, 0x00000000c2300000| Untracked 
|  24|0x00000000c2400000, 0x00000000c2400000, 0x00000000c2500000|  0%| F|  |TAMS 0x00000000c2400000, 0x00000000c2400000| Untracked 
|  25|0x00000000c2500000, 0x00000000c2500000, 0x00000000c2600000|  0%| F|  |TAMS 0x00000000c2500000, 0x00000000c2500000| Untracked 
|  26|0x00000000c2600000, 0x00000000c2600000, 0x00000000c2700000|  0%| F|  |TAMS 0x00000000c2600000, 0x00000000c2600000| Untracked 
|  27|0x00000000c2700000, 0x00000000c2700000, 0x00000000c2800000|  0%| F|  |TAMS 0x00000000c2700000, 0x00000000c2700000| Untracked 
|  28|0x00000000c2800000, 0x00000000c2900000, 0x00000000c2900000|100%| O|  |TAMS 0x00000000c2900000, 0x00000000c2800000| Untracked 
|  29|0x00000000c2900000, 0x00000000c2a00000, 0x00000000c2a00000|100%| O|  |TAMS 0x00000000c2a00000, 0x00000000c2900000| Untracked 
|  30|0x00000000c2a00000, 0x00000000c2b00000, 0x00000000c2b00000|100%| O|  |TAMS 0x00000000c2b00000, 0x00000000c2a00000| Untracked 
|  31|0x00000000c2b00000, 0x00000000c2c00000, 0x00000000c2c00000|100%| O|  |TAMS 0x00000000c2c00000, 0x00000000c2b00000| Untracked 
|  32|0x00000000c2c00000, 0x00000000c2d00000, 0x00000000c2d00000|100%| O|  |TAMS 0x00000000c2d00000, 0x00000000c2c00000| Untracked 
|  33|0x00000000c2d00000, 0x00000000c2e00000, 0x00000000c2e00000|100%| O|  |TAMS 0x00000000c2d80000, 0x00000000c2d00000| Untracked 
|  34|0x00000000c2e00000, 0x00000000c2e00000, 0x00000000c2f00000|  0%| F|  |TAMS 0x00000000c2e00000, 0x00000000c2e00000| Untracked 
|  35|0x00000000c2f00000, 0x00000000c2f00000, 0x00000000c3000000|  0%| F|  |TAMS 0x00000000c2f00000, 0x00000000c2f00000| Untracked 
|  36|0x00000000c3000000, 0x00000000c3000000, 0x00000000c3100000|  0%| F|  |TAMS 0x00000000c3000000, 0x00000000c3000000| Untracked 
|  37|0x00000000c3100000, 0x00000000c3100000, 0x00000000c3200000|  0%| F|  |TAMS 0x00000000c3100000, 0x00000000c3100000| Untracked 
|  38|0x00000000c3200000, 0x00000000c3200000, 0x00000000c3300000|  0%| F|  |TAMS 0x00000000c3200000, 0x00000000c3200000| Untracked 
|  39|0x00000000c3300000, 0x00000000c3300000, 0x00000000c3400000|  0%| F|  |TAMS 0x00000000c3300000, 0x00000000c3300000| Untracked 
|  40|0x00000000c3400000, 0x00000000c3400000, 0x00000000c3500000|  0%| F|  |TAMS 0x00000000c3400000, 0x00000000c3400000| Untracked 
|  41|0x00000000c3500000, 0x00000000c3500000, 0x00000000c3600000|  0%| F|  |TAMS 0x00000000c3500000, 0x00000000c3500000| Untracked 
|  42|0x00000000c3600000, 0x00000000c3600000, 0x00000000c3700000|  0%| F|  |TAMS 0x00000000c3600000, 0x00000000c3600000| Untracked 
|  43|0x00000000c3700000, 0x00000000c3700000, 0x00000000c3800000|  0%| F|  |TAMS 0x00000000c3700000, 0x00000000c3700000| Untracked 
|  44|0x00000000c3800000, 0x00000000c3800000, 0x00000000c3900000|  0%| F|  |TAMS 0x00000000c3800000, 0x00000000c3800000| Untracked 
|  45|0x00000000c3900000, 0x00000000c3900000, 0x00000000c3a00000|  0%| F|  |TAMS 0x00000000c3900000, 0x00000000c3900000| Untracked 
|  46|0x00000000c3a00000, 0x00000000c3a00000, 0x00000000c3b00000|  0%| F|  |TAMS 0x00000000c3a00000, 0x00000000c3a00000| Untracked 
|  47|0x00000000c3b00000, 0x00000000c3b00000, 0x00000000c3c00000|  0%| F|  |TAMS 0x00000000c3b00000, 0x00000000c3b00000| Untracked 
|  48|0x00000000c3c00000, 0x00000000c3c00000, 0x00000000c3d00000|  0%| F|  |TAMS 0x00000000c3c00000, 0x00000000c3c00000| Untracked 
|  49|0x00000000c3d00000, 0x00000000c3d00000, 0x00000000c3e00000|  0%| F|  |TAMS 0x00000000c3d00000, 0x00000000c3d00000| Untracked 
|  50|0x00000000c3e00000, 0x00000000c3e00000, 0x00000000c3f00000|  0%| F|  |TAMS 0x00000000c3e00000, 0x00000000c3e00000| Untracked 
|  51|0x00000000c3f00000, 0x00000000c3f00000, 0x00000000c4000000|  0%| F|  |TAMS 0x00000000c3f00000, 0x00000000c3f00000| Untracked 
|  52|0x00000000c4000000, 0x00000000c4000000, 0x00000000c4100000|  0%| F|  |TAMS 0x00000000c4000000, 0x00000000c4000000| Untracked 
|  53|0x00000000c4100000, 0x00000000c4100000, 0x00000000c4200000|  0%| F|  |TAMS 0x00000000c4100000, 0x00000000c4100000| Untracked 
|  54|0x00000000c4200000, 0x00000000c4200000, 0x00000000c4300000|  0%| F|  |TAMS 0x00000000c4200000, 0x00000000c4200000| Untracked 
|  55|0x00000000c4300000, 0x00000000c4300000, 0x00000000c4400000|  0%| F|  |TAMS 0x00000000c4300000, 0x00000000c4300000| Untracked 
|  56|0x00000000c4400000, 0x00000000c4400000, 0x00000000c4500000|  0%| F|  |TAMS 0x00000000c4400000, 0x00000000c4400000| Untracked 
|  57|0x00000000c4500000, 0x00000000c4500000, 0x00000000c4600000|  0%| F|  |TAMS 0x00000000c4500000, 0x00000000c4500000| Untracked 
|  58|0x00000000c4600000, 0x00000000c4600000, 0x00000000c4700000|  0%| F|  |TAMS 0x00000000c4600000, 0x00000000c4600000| Untracked 
|  59|0x00000000c4700000, 0x00000000c4700000, 0x00000000c4800000|  0%| F|  |TAMS 0x00000000c4700000, 0x00000000c4700000| Untracked 
|  60|0x00000000c4800000, 0x00000000c4800000, 0x00000000c4900000|  0%| F|  |TAMS 0x00000000c4800000, 0x00000000c4800000| Untracked 
|  61|0x00000000c4900000, 0x00000000c4900000, 0x00000000c4a00000|  0%| F|  |TAMS 0x00000000c4900000, 0x00000000c4900000| Untracked 
|  62|0x00000000c4a00000, 0x00000000c4a00000, 0x00000000c4b00000|  0%| F|  |TAMS 0x00000000c4a00000, 0x00000000c4a00000| Untracked 
|  63|0x00000000c4b00000, 0x00000000c4b39f28, 0x00000000c4c00000| 22%| S|CS|TAMS 0x00000000c4b00000, 0x00000000c4b00000| Complete 
|  64|0x00000000c4c00000, 0x00000000c4d00000, 0x00000000c4d00000|100%| S|CS|TAMS 0x00000000c4c00000, 0x00000000c4c00000| Complete 
|  65|0x00000000c4d00000, 0x00000000c4e00000, 0x00000000c4e00000|100%| S|CS|TAMS 0x00000000c4d00000, 0x00000000c4d00000| Complete 
|  66|0x00000000c4e00000, 0x00000000c4f00000, 0x00000000c4f00000|100%| S|CS|TAMS 0x00000000c4e00000, 0x00000000c4e00000| Complete 
|  67|0x00000000c4f00000, 0x00000000c5000000, 0x00000000c5000000|100%| S|CS|TAMS 0x00000000c4f00000, 0x00000000c4f00000| Complete 
|  68|0x00000000c5000000, 0x00000000c5100000, 0x00000000c5100000|100%| S|CS|TAMS 0x00000000c5000000, 0x00000000c5000000| Complete 
|  69|0x00000000c5100000, 0x00000000c5100000, 0x00000000c5200000|  0%| F|  |TAMS 0x00000000c5100000, 0x00000000c5100000| Untracked 
|  70|0x00000000c5200000, 0x00000000c5200000, 0x00000000c5300000|  0%| F|  |TAMS 0x00000000c5200000, 0x00000000c5200000| Untracked 
|  71|0x00000000c5300000, 0x00000000c5300000, 0x00000000c5400000|  0%| F|  |TAMS 0x00000000c5300000, 0x00000000c5300000| Untracked 
|  72|0x00000000c5400000, 0x00000000c5400000, 0x00000000c5500000|  0%| F|  |TAMS 0x00000000c5400000, 0x00000000c5400000| Untracked 
|  73|0x00000000c5500000, 0x00000000c5500000, 0x00000000c5600000|  0%| F|  |TAMS 0x00000000c5500000, 0x00000000c5500000| Untracked 
|  74|0x00000000c5600000, 0x00000000c5600000, 0x00000000c5700000|  0%| F|  |TAMS 0x00000000c5600000, 0x00000000c5600000| Untracked 
|  75|0x00000000c5700000, 0x00000000c5700000, 0x00000000c5800000|  0%| F|  |TAMS 0x00000000c5700000, 0x00000000c5700000| Untracked 
|  76|0x00000000c5800000, 0x00000000c5800000, 0x00000000c5900000|  0%| F|  |TAMS 0x00000000c5800000, 0x00000000c5800000| Untracked 
|  77|0x00000000c5900000, 0x00000000c5900000, 0x00000000c5a00000|  0%| F|  |TAMS 0x00000000c5900000, 0x00000000c5900000| Untracked 
|  78|0x00000000c5a00000, 0x00000000c5a00000, 0x00000000c5b00000|  0%| F|  |TAMS 0x00000000c5a00000, 0x00000000c5a00000| Untracked 
|  79|0x00000000c5b00000, 0x00000000c5b00000, 0x00000000c5c00000|  0%| F|  |TAMS 0x00000000c5b00000, 0x00000000c5b00000| Untracked 
|  80|0x00000000c5c00000, 0x00000000c5c00000, 0x00000000c5d00000|  0%| F|  |TAMS 0x00000000c5c00000, 0x00000000c5c00000| Untracked 
|  81|0x00000000c5d00000, 0x00000000c5d00000, 0x00000000c5e00000|  0%| F|  |TAMS 0x00000000c5d00000, 0x00000000c5d00000| Untracked 
|  82|0x00000000c5e00000, 0x00000000c5e00000, 0x00000000c5f00000|  0%| F|  |TAMS 0x00000000c5e00000, 0x00000000c5e00000| Untracked 
|  83|0x00000000c5f00000, 0x00000000c5f00000, 0x00000000c6000000|  0%| F|  |TAMS 0x00000000c5f00000, 0x00000000c5f00000| Untracked 
|  84|0x00000000c6000000, 0x00000000c6000000, 0x00000000c6100000|  0%| F|  |TAMS 0x00000000c6000000, 0x00000000c6000000| Untracked 
|  85|0x00000000c6100000, 0x00000000c6100000, 0x00000000c6200000|  0%| F|  |TAMS 0x00000000c6100000, 0x00000000c6100000| Untracked 
|  86|0x00000000c6200000, 0x00000000c6200000, 0x00000000c6300000|  0%| F|  |TAMS 0x00000000c6200000, 0x00000000c6200000| Untracked 
|  87|0x00000000c6300000, 0x00000000c6300000, 0x00000000c6400000|  0%| F|  |TAMS 0x00000000c6300000, 0x00000000c6300000| Untracked 
|  88|0x00000000c6400000, 0x00000000c6400000, 0x00000000c6500000|  0%| F|  |TAMS 0x00000000c6400000, 0x00000000c6400000| Untracked 
|  89|0x00000000c6500000, 0x00000000c6500000, 0x00000000c6600000|  0%| F|  |TAMS 0x00000000c6500000, 0x00000000c6500000| Untracked 
|  90|0x00000000c6600000, 0x00000000c6600000, 0x00000000c6700000|  0%| F|  |TAMS 0x00000000c6600000, 0x00000000c6600000| Untracked 
|  91|0x00000000c6700000, 0x00000000c6700000, 0x00000000c6800000|  0%| F|  |TAMS 0x00000000c6700000, 0x00000000c6700000| Untracked 
|  92|0x00000000c6800000, 0x00000000c6800000, 0x00000000c6900000|  0%| F|  |TAMS 0x00000000c6800000, 0x00000000c6800000| Untracked 
|  93|0x00000000c6900000, 0x00000000c6900000, 0x00000000c6a00000|  0%| F|  |TAMS 0x00000000c6900000, 0x00000000c6900000| Untracked 
|  94|0x00000000c6a00000, 0x00000000c6a00000, 0x00000000c6b00000|  0%| F|  |TAMS 0x00000000c6a00000, 0x00000000c6a00000| Untracked 
|  95|0x00000000c6b00000, 0x00000000c6b00000, 0x00000000c6c00000|  0%| F|  |TAMS 0x00000000c6b00000, 0x00000000c6b00000| Untracked 
|  96|0x00000000c6c00000, 0x00000000c6c00000, 0x00000000c6d00000|  0%| F|  |TAMS 0x00000000c6c00000, 0x00000000c6c00000| Untracked 
|  97|0x00000000c6d00000, 0x00000000c6e00000, 0x00000000c6e00000|100%| E|  |TAMS 0x00000000c6d00000, 0x00000000c6d00000| Complete 
|  98|0x00000000c6e00000, 0x00000000c6f00000, 0x00000000c6f00000|100%| E|CS|TAMS 0x00000000c6e00000, 0x00000000c6e00000| Complete 
|  99|0x00000000c6f00000, 0x00000000c7000000, 0x00000000c7000000|100%| E|CS|TAMS 0x00000000c6f00000, 0x00000000c6f00000| Complete 
| 100|0x00000000c7000000, 0x00000000c7100000, 0x00000000c7100000|100%| E|CS|TAMS 0x00000000c7000000, 0x00000000c7000000| Complete 
| 101|0x00000000c7100000, 0x00000000c7200000, 0x00000000c7200000|100%| E|CS|TAMS 0x00000000c7100000, 0x00000000c7100000| Complete 
| 102|0x00000000c7200000, 0x00000000c7300000, 0x00000000c7300000|100%| E|CS|TAMS 0x00000000c7200000, 0x00000000c7200000| Complete 
| 103|0x00000000c7300000, 0x00000000c7400000, 0x00000000c7400000|100%| E|CS|TAMS 0x00000000c7300000, 0x00000000c7300000| Complete 
| 104|0x00000000c7400000, 0x00000000c7500000, 0x00000000c7500000|100%| E|CS|TAMS 0x00000000c7400000, 0x00000000c7400000| Complete 
| 105|0x00000000c7500000, 0x00000000c7600000, 0x00000000c7600000|100%| E|CS|TAMS 0x00000000c7500000, 0x00000000c7500000| Complete 
| 106|0x00000000c7600000, 0x00000000c7700000, 0x00000000c7700000|100%| E|CS|TAMS 0x00000000c7600000, 0x00000000c7600000| Complete 
| 107|0x00000000c7700000, 0x00000000c7800000, 0x00000000c7800000|100%| E|CS|TAMS 0x00000000c7700000, 0x00000000c7700000| Complete 
| 108|0x00000000c7800000, 0x00000000c7900000, 0x00000000c7900000|100%| E|CS|TAMS 0x00000000c7800000, 0x00000000c7800000| Complete 
| 109|0x00000000c7900000, 0x00000000c7a00000, 0x00000000c7a00000|100%| E|CS|TAMS 0x00000000c7900000, 0x00000000c7900000| Complete 
| 110|0x00000000c7a00000, 0x00000000c7b00000, 0x00000000c7b00000|100%| E|CS|TAMS 0x00000000c7a00000, 0x00000000c7a00000| Complete 
| 111|0x00000000c7b00000, 0x00000000c7c00000, 0x00000000c7c00000|100%| E|CS|TAMS 0x00000000c7b00000, 0x00000000c7b00000| Complete 
| 112|0x00000000c7c00000, 0x00000000c7d00000, 0x00000000c7d00000|100%| E|CS|TAMS 0x00000000c7c00000, 0x00000000c7c00000| Complete 
|1009|0x00000000ffd00000, 0x00000000ffe00000, 0x00000000ffe00000|100%| O|  |TAMS 0x00000000ffe00000, 0x00000000ffd00000| Untracked 
|1010|0x00000000ffe00000, 0x00000000fff00000, 0x00000000fff00000|100%| O|  |TAMS 0x00000000fff00000, 0x00000000ffe00000| Untracked 
|1011|0x00000000fff00000, 0x0000000100000000, 0x0000000100000000|100%| O|  |TAMS 0x0000000100000000, 0x00000000fff00000| Untracked 

Card table byte_map: [0x0000025cab480000,0x0000025cab680000] _byte_map_base: 0x0000025caae7a000

Marking Bits (Prev, Next): (CMBitMap*) 0x0000025c94a2b580, (CMBitMap*) 0x0000025c94a2b5c0
 Prev Bits: [0x0000025cab880000, 0x0000025cac850000)
 Next Bits: [0x0000025cac850000, 0x0000025cad820000)

Polling page: 0x0000025c927d0000

Metaspace:

Usage:
  Non-class:     22.65 MB used.
      Class:      2.82 MB used.
       Both:     25.46 MB used.

Virtual space:
  Non-class space:       24.00 MB reserved,      22.81 MB ( 95%) committed,  3 nodes.
      Class space:        1.00 GB reserved,       3.00 MB ( <1%) committed,  1 nodes.
             Both:        1.02 GB reserved,      25.81 MB (  2%) committed. 

Chunk freelists:
   Non-Class:  608.00 KB
       Class:  988.00 KB
        Both:  1.56 MB

MaxMetaspaceSize: unlimited
CompressedClassSpaceSize: 1.00 GB
Initial GC threshold: 21.00 MB
Current GC threshold: 39.06 MB
CDS: on
MetaspaceReclaimPolicy: balanced
 - commit_granule_bytes: 65536.
 - commit_granule_words: 8192.
 - virtual_space_node_default_size: 1048576.
 - enlarge_chunks_in_place: 1.
 - new_chunks_are_fully_committed: 0.
 - uncommit_free_chunks: 1.
 - use_allocation_guard: 0.
 - handle_deallocations: 1.


Internal statistics:

num_allocs_failed_limit: 3.
num_arena_births: 168.
num_arena_deaths: 0.
num_vsnodes_births: 4.
num_vsnodes_deaths: 0.
num_space_committed: 413.
num_space_uncommitted: 0.
num_chunks_returned_to_freelist: 3.
num_chunks_taken_from_freelist: 1141.
num_chunk_merges: 3.
num_chunk_splits: 788.
num_chunks_enlarged: 596.
num_purges: 0.
num_inconsistent_stats: 0.

CodeHeap 'non-profiled nmethods': size=120000Kb used=2251Kb max_used=2620Kb free=117748Kb
 bounds [0x0000025ca3d50000, 0x0000025ca3fe0000, 0x0000025cab280000]
CodeHeap 'profiled nmethods': size=120000Kb used=10504Kb max_used=13035Kb free=109495Kb
 bounds [0x0000025c9c280000, 0x0000025c9cf40000, 0x0000025ca37b0000]
CodeHeap 'non-nmethods': size=5760Kb used=1212Kb max_used=1253Kb free=4547Kb
 bounds [0x0000025ca37b0000, 0x0000025ca3a20000, 0x0000025ca3d50000]
 total_blobs=5718 nmethods=5200 adapters=428
 compilation: enabled
              stopped_count=0, restarted_count=0
 full_count=0

Compilation events (20 events):
Event: 15.612 Thread 0x0000025cafc79100 6250   !   2       com.sun.tools.javac.comp.TypeEnter$Phase::doCompleteEnvs (247 bytes)
Event: 15.615 Thread 0x0000025cafc79100 nmethod 6250 0x0000025c9c712290 code [0x0000025c9c712520, 0x0000025c9c712f28]
Event: 15.616 Thread 0x0000025cafc79100 6251       2       com.sun.tools.javac.comp.AttrContext::dup (151 bytes)
Event: 15.616 Thread 0x0000025cafc79100 nmethod 6251 0x0000025c9c3cdd90 code [0x0000025c9c3cdf60, 0x0000025c9c3ce4c8]
Event: 15.625 Thread 0x0000025cafc79100 6253   !   2       com.sun.tools.javac.comp.TypeEnter$Phase::completeEnvs (137 bytes)
Event: 15.626 Thread 0x0000025cafc79100 nmethod 6253 0x0000025c9c281b90 code [0x0000025c9c281d80, 0x0000025c9c282278]
Event: 15.628 Thread 0x0000025cafc79100 6255       2       java.util.RegularEnumSet::addAll (111 bytes)
Event: 15.629 Thread 0x0000025cafc79100 nmethod 6255 0x0000025c9c491e90 code [0x0000025c9c4920c0, 0x0000025c9c492618]
Event: 15.630 Thread 0x0000025cafc79100 6256       3       com.sun.tools.javac.comp.Attr::visitSelect (1277 bytes)
Event: 15.642 Thread 0x0000025cafc79100 nmethod 6256 0x0000025c9c461590 code [0x0000025c9c461f00, 0x0000025c9c469578]
Event: 15.657 Thread 0x0000025cafc79100 6257       2       com.sun.tools.javac.code.Scope$ScopeListenerList::add (20 bytes)
Event: 15.658 Thread 0x0000025cafc79100 nmethod 6257 0x0000025c9c337890 code [0x0000025c9c337a40, 0x0000025c9c337df8]
Event: 15.660 Thread 0x0000025cafc79100 6258       2       java.util.LinkedList::add (7 bytes)
Event: 15.661 Thread 0x0000025cafc79100 nmethod 6258 0x0000025c9c2f1610 code [0x0000025c9c2f17a0, 0x0000025c9c2f18c8]
Event: 15.694 Thread 0x0000025cafc79100 6259       2       com.sun.tools.javac.code.SymbolMetadata::<init> (38 bytes)
Event: 15.694 Thread 0x0000025cafc79100 nmethod 6259 0x0000025c9c3ce590 code [0x0000025c9c3ce740, 0x0000025c9c3cea58]
Event: 15.698 Thread 0x0000025cafc79100 6260       2       java.util.RegularEnumSet::iterator (9 bytes)
Event: 15.698 Thread 0x0000025cafc79100 nmethod 6260 0x0000025c9c325590 code [0x0000025c9c325720, 0x0000025c9c3258d8]
Event: 15.698 Thread 0x0000025cafc79100 6261       2       java.util.RegularEnumSet$EnumSetIterator::<init> (23 bytes)
Event: 15.698 Thread 0x0000025cafc79100 nmethod 6261 0x0000025c9c384c10 code [0x0000025c9c384da0, 0x0000025c9c384f18]

GC Heap History (20 events):
Event: 1.003 GC heap before
{Heap before GC invocations=1 (full 0):
 garbage-first heap   total 65536K, used 17456K [0x00000000c0c00000, 0x0000000100000000)
  region size 1024K, 16 young (16384K), 2 survivors (2048K)
 Metaspace       used 5221K, committed 5376K, reserved 1056768K
  class space    used 611K, committed 704K, reserved 1048576K
}
Event: 1.009 GC heap after
{Heap after GC invocations=2 (full 0):
 garbage-first heap   total 65536K, used 3748K [0x00000000c0c00000, 0x0000000100000000)
  region size 1024K, 1 young (1024K), 1 survivors (1024K)
 Metaspace       used 5221K, committed 5376K, reserved 1056768K
  class space    used 611K, committed 704K, reserved 1048576K
}
Event: 2.756 GC heap before
{Heap before GC invocations=2 (full 0):
 garbage-first heap   total 65536K, used 41636K [0x00000000c0c00000, 0x0000000100000000)
  region size 1024K, 38 young (38912K), 1 survivors (1024K)
 Metaspace       used 11942K, committed 12160K, reserved 1064960K
  class space    used 1424K, committed 1536K, reserved 1048576K
}
Event: 2.767 GC heap after
{Heap after GC invocations=3 (full 0):
 garbage-first heap   total 65536K, used 6812K [0x00000000c0c00000, 0x0000000100000000)
  region size 1024K, 4 young (4096K), 4 survivors (4096K)
 Metaspace       used 11942K, committed 12160K, reserved 1064960K
  class space    used 1424K, committed 1536K, reserved 1048576K
}
Event: 4.593 GC heap before
{Heap before GC invocations=3 (full 0):
 garbage-first heap   total 65536K, used 41628K [0x00000000c0c00000, 0x0000000100000000)
  region size 1024K, 38 young (38912K), 4 survivors (4096K)
 Metaspace       used 12730K, committed 12864K, reserved 1064960K
  class space    used 1466K, committed 1536K, reserved 1048576K
}
Event: 4.609 GC heap after
{Heap after GC invocations=4 (full 0):
 garbage-first heap   total 65536K, used 10669K [0x00000000c0c00000, 0x0000000100000000)
  region size 1024K, 4 young (4096K), 4 survivors (4096K)
 Metaspace       used 12730K, committed 12864K, reserved 1064960K
  class space    used 1466K, committed 1536K, reserved 1048576K
}
Event: 5.901 GC heap before
{Heap before GC invocations=4 (full 0):
 garbage-first heap   total 65536K, used 44461K [0x00000000c0c00000, 0x0000000100000000)
  region size 1024K, 37 young (37888K), 4 survivors (4096K)
 Metaspace       used 13249K, committed 13440K, reserved 1064960K
  class space    used 1486K, committed 1600K, reserved 1048576K
}
Event: 5.913 GC heap after
{Heap after GC invocations=5 (full 0):
 garbage-first heap   total 65536K, used 12658K [0x00000000c0c00000, 0x0000000100000000)
  region size 1024K, 3 young (3072K), 3 survivors (3072K)
 Metaspace       used 13249K, committed 13440K, reserved 1064960K
  class space    used 1486K, committed 1600K, reserved 1048576K
}
Event: 8.538 GC heap before
{Heap before GC invocations=5 (full 0):
 garbage-first heap   total 65536K, used 46450K [0x00000000c0c00000, 0x0000000100000000)
  region size 1024K, 36 young (36864K), 3 survivors (3072K)
 Metaspace       used 14570K, committed 14784K, reserved 1064960K
  class space    used 1596K, committed 1664K, reserved 1048576K
}
Event: 8.549 GC heap after
{Heap after GC invocations=6 (full 0):
 garbage-first heap   total 65536K, used 14581K [0x00000000c0c00000, 0x0000000100000000)
  region size 1024K, 5 young (5120K), 5 survivors (5120K)
 Metaspace       used 14570K, committed 14784K, reserved 1064960K
  class space    used 1596K, committed 1664K, reserved 1048576K
}
Event: 11.556 GC heap before
{Heap before GC invocations=6 (full 0):
 garbage-first heap   total 65536K, used 31989K [0x00000000c0c00000, 0x0000000100000000)
  region size 1024K, 23 young (23552K), 5 survivors (5120K)
 Metaspace       used 21273K, committed 21504K, reserved 1073152K
  class space    used 2410K, committed 2560K, reserved 1048576K
}
Event: 11.567 GC heap after
{Heap after GC invocations=7 (full 0):
 garbage-first heap   total 65536K, used 15960K [0x00000000c0c00000, 0x0000000100000000)
  region size 1024K, 4 young (4096K), 4 survivors (4096K)
 Metaspace       used 21273K, committed 21504K, reserved 1073152K
  class space    used 2410K, committed 2560K, reserved 1048576K
}
Event: 12.418 GC heap before
{Heap before GC invocations=8 (full 0):
 garbage-first heap   total 65536K, used 49752K [0x00000000c0c00000, 0x0000000100000000)
  region size 1024K, 36 young (36864K), 4 survivors (4096K)
 Metaspace       used 22980K, committed 23360K, reserved 1073152K
  class space    used 2579K, committed 2752K, reserved 1048576K
}
Event: 12.441 GC heap after
{Heap after GC invocations=9 (full 0):
 garbage-first heap   total 68608K, used 31155K [0x00000000c0c00000, 0x0000000100000000)
  region size 1024K, 5 young (5120K), 5 survivors (5120K)
 Metaspace       used 22980K, committed 23360K, reserved 1073152K
  class space    used 2579K, committed 2752K, reserved 1048576K
}
Event: 12.476 GC heap before
{Heap before GC invocations=9 (full 0):
 garbage-first heap   total 68608K, used 32179K [0x00000000c0c00000, 0x0000000100000000)
  region size 1024K, 6 young (6144K), 5 survivors (5120K)
 Metaspace       used 23012K, committed 23360K, reserved 1073152K
  class space    used 2581K, committed 2752K, reserved 1048576K
}
Event: 12.486 GC heap after
{Heap after GC invocations=10 (full 0):
 garbage-first heap   total 68608K, used 31811K [0x00000000c0c00000, 0x0000000100000000)
  region size 1024K, 1 young (1024K), 1 survivors (1024K)
 Metaspace       used 23012K, committed 23360K, reserved 1073152K
  class space    used 2581K, committed 2752K, reserved 1048576K
}
Event: 12.921 GC heap before
{Heap before GC invocations=10 (full 0):
 garbage-first heap   total 68608K, used 49219K [0x00000000c0c00000, 0x0000000100000000)
  region size 1024K, 18 young (18432K), 1 survivors (1024K)
 Metaspace       used 23615K, committed 23872K, reserved 1073152K
  class space    used 2630K, committed 2752K, reserved 1048576K
}
Event: 12.928 GC heap after
{Heap after GC invocations=11 (full 0):
 garbage-first heap   total 118784K, used 34747K [0x00000000c0c00000, 0x0000000100000000)
  region size 1024K, 3 young (3072K), 3 survivors (3072K)
 Metaspace       used 23615K, committed 23872K, reserved 1073152K
  class space    used 2630K, committed 2752K, reserved 1048576K
}
Event: 15.245 GC heap before
{Heap before GC invocations=12 (full 0):
 garbage-first heap   total 118784K, used 79803K [0x00000000c0c00000, 0x0000000100000000)
  region size 1024K, 47 young (48128K), 3 survivors (3072K)
 Metaspace       used 25688K, committed 26048K, reserved 1073152K
  class space    used 2841K, committed 3008K, reserved 1048576K
}
Event: 15.261 GC heap after
{Heap after GC invocations=13 (full 0):
 garbage-first heap   total 118784K, used 38050K [0x00000000c0c00000, 0x0000000100000000)
  region size 1024K, 6 young (6144K), 6 survivors (6144K)
 Metaspace       used 25688K, committed 26048K, reserved 1073152K
  class space    used 2841K, committed 3008K, reserved 1048576K
}

Deoptimization events (20 events):
Event: 14.860 Thread 0x0000025c949ef030 Uncommon trap: trap_request=0xffffffde fr.pc=0x0000025ca3e7d6e8 relative=0x0000000000000068
Event: 14.860 Thread 0x0000025c949ef030 Uncommon trap: reason=class_check action=maybe_recompile pc=0x0000025ca3e7d6e8 method=java.util.Collections$UnmodifiableMap$UnmodifiableEntrySet$UnmodifiableEntry.getValue()Ljava/lang/Object; @ 4 c2
Event: 14.860 Thread 0x0000025c949ef030 DEOPT PACKING pc=0x0000025ca3e7d6e8 sp=0x00000097518fc320
Event: 14.860 Thread 0x0000025c949ef030 DEOPT UNPACKING pc=0x0000025ca38023a3 sp=0x00000097518fc2a8 mode 2
Event: 15.000 Thread 0x0000025c949ef030 DEOPT PACKING pc=0x0000025c9cb1a160 sp=0x00000097518fcdb0
Event: 15.000 Thread 0x0000025c949ef030 DEOPT UNPACKING pc=0x0000025ca3802b43 sp=0x00000097518fc2c8 mode 0
Event: 15.064 Thread 0x0000025c949ef030 DEOPT PACKING pc=0x0000025c9cb1a160 sp=0x00000097518fc810
Event: 15.064 Thread 0x0000025c949ef030 DEOPT UNPACKING pc=0x0000025ca3802b43 sp=0x00000097518fbd18 mode 0
Event: 15.070 Thread 0x0000025c949ef030 DEOPT PACKING pc=0x0000025c9ce60ffa sp=0x00000097518fcb70
Event: 15.070 Thread 0x0000025c949ef030 DEOPT UNPACKING pc=0x0000025ca3802b43 sp=0x00000097518fc080 mode 0
Event: 15.132 Thread 0x0000025c949ef030 DEOPT PACKING pc=0x0000025c9cb1a160 sp=0x00000097518fcce0
Event: 15.132 Thread 0x0000025c949ef030 DEOPT UNPACKING pc=0x0000025ca3802b43 sp=0x00000097518fc1e8 mode 0
Event: 15.182 Thread 0x0000025c949ef030 DEOPT PACKING pc=0x0000025c9cb15359 sp=0x00000097518fc9d0
Event: 15.182 Thread 0x0000025c949ef030 DEOPT UNPACKING pc=0x0000025ca3802b43 sp=0x00000097518fbec8 mode 0
Event: 15.205 Thread 0x0000025c949ef030 DEOPT PACKING pc=0x0000025c9ce64420 sp=0x00000097518fcae0
Event: 15.205 Thread 0x0000025c949ef030 DEOPT UNPACKING pc=0x0000025ca3802b43 sp=0x00000097518fc000 mode 0
Event: 15.438 Thread 0x0000025c949ef030 DEOPT PACKING pc=0x0000025c9cb1738b sp=0x00000097518fca50
Event: 15.438 Thread 0x0000025c949ef030 DEOPT UNPACKING pc=0x0000025ca3802b43 sp=0x00000097518fbf88 mode 0
Event: 15.496 Thread 0x0000025c949ef030 DEOPT PACKING pc=0x0000025c9cb1738b sp=0x00000097518fca70
Event: 15.496 Thread 0x0000025c949ef030 DEOPT UNPACKING pc=0x0000025ca3802b43 sp=0x00000097518fbfa8 mode 0

Classes unloaded (0 events):
No events

Classes redefined (0 events):
No events

Internal exceptions (20 events):
Event: 13.103 Thread 0x0000025c949ef030 Exception <a 'sun/nio/fs/WindowsException'{0x00000000c75a27a0}> (0x00000000c75a27a0) 
thrown [s\open\src\hotspot\share\prims\jni.cpp, line 516]
Event: 13.103 Thread 0x0000025c949ef030 Exception <a 'sun/nio/fs/WindowsException'{0x00000000c75a2ac8}> (0x00000000c75a2ac8) 
thrown [s\open\src\hotspot\share\prims\jni.cpp, line 516]
Event: 13.103 Thread 0x0000025c949ef030 Exception <a 'sun/nio/fs/WindowsException'{0x00000000c75a3a58}> (0x00000000c75a3a58) 
thrown [s\open\src\hotspot\share\prims\jni.cpp, line 516]
Event: 13.103 Thread 0x0000025c949ef030 Exception <a 'sun/nio/fs/WindowsException'{0x00000000c75a3e08}> (0x00000000c75a3e08) 
thrown [s\open\src\hotspot\share\prims\jni.cpp, line 516]
Event: 13.122 Thread 0x0000025c949ef030 Exception <a 'sun/nio/fs/WindowsException'{0x00000000c7498540}> (0x00000000c7498540) 
thrown [s\open\src\hotspot\share\prims\jni.cpp, line 516]
Event: 13.122 Thread 0x0000025c949ef030 Exception <a 'sun/nio/fs/WindowsException'{0x00000000c74988b0}> (0x00000000c74988b0) 
thrown [s\open\src\hotspot\share\prims\jni.cpp, line 516]
Event: 13.123 Thread 0x0000025c949ef030 Exception <a 'sun/nio/fs/WindowsException'{0x00000000c74a50e0}> (0x00000000c74a50e0) 
thrown [s\open\src\hotspot\share\prims\jni.cpp, line 516]
Event: 13.123 Thread 0x0000025c949ef030 Exception <a 'sun/nio/fs/WindowsException'{0x00000000c74a5400}> (0x00000000c74a5400) 
thrown [s\open\src\hotspot\share\prims\jni.cpp, line 516]
Event: 13.124 Thread 0x0000025c949ef030 Exception <a 'sun/nio/fs/WindowsException'{0x00000000c74cd480}> (0x00000000c74cd480) 
thrown [s\open\src\hotspot\share\prims\jni.cpp, line 516]
Event: 13.124 Thread 0x0000025c949ef030 Exception <a 'sun/nio/fs/WindowsException'{0x00000000c74cd7e0}> (0x00000000c74cd7e0) 
thrown [s\open\src\hotspot\share\prims\jni.cpp, line 516]
Event: 13.124 Thread 0x0000025c949ef030 Exception <a 'sun/nio/fs/WindowsException'{0x00000000c74ce7b0}> (0x00000000c74ce7b0) 
thrown [s\open\src\hotspot\share\prims\jni.cpp, line 516]
Event: 13.124 Thread 0x0000025c949ef030 Exception <a 'sun/nio/fs/WindowsException'{0x00000000c74ceba0}> (0x00000000c74ceba0) 
thrown [s\open\src\hotspot\share\prims\jni.cpp, line 516]
Event: 13.339 Thread 0x0000025c949ef030 Implicit null exception at 0x0000025ca3e66d4f to 0x0000025ca3e67440
Event: 13.372 Thread 0x0000025c949ef030 Implicit null exception at 0x0000025ca3e5b96a to 0x0000025ca3e5bcc4
Event: 15.531 Thread 0x0000025c949ef030 Exception <a 'sun/nio/fs/WindowsException'{0x00000000c70f6870}> (0x00000000c70f6870) 
thrown [s\open\src\hotspot\share\prims\jni.cpp, line 516]
Event: 15.531 Thread 0x0000025c949ef030 Exception <a 'sun/nio/fs/WindowsException'{0x00000000c70f6b68}> (0x00000000c70f6b68) 
thrown [s\open\src\hotspot\share\prims\jni.cpp, line 516]
Event: 15.531 Thread 0x0000025c949ef030 Exception <a 'sun/nio/fs/WindowsException'{0x00000000c70f7a80}> (0x00000000c70f7a80) 
thrown [s\open\src\hotspot\share\prims\jni.cpp, line 516]
Event: 15.531 Thread 0x0000025c949ef030 Exception <a 'sun/nio/fs/WindowsException'{0x00000000c70f7e00}> (0x00000000c70f7e00) 
thrown [s\open\src\hotspot\share\prims\jni.cpp, line 516]
Event: 15.535 Thread 0x0000025c949ef030 Exception <a 'sun/nio/fs/WindowsException'{0x00000000c70f8df8}> (0x00000000c70f8df8) 
thrown [s\open\src\hotspot\share\prims\jni.cpp, line 516]
Event: 15.535 Thread 0x0000025c949ef030 Exception <a 'sun/nio/fs/WindowsException'{0x00000000c70f90f8}> (0x00000000c70f90f8) 
thrown [s\open\src\hotspot\share\prims\jni.cpp, line 516]

VM Operations (20 events):
Event: 13.009 Executing VM operation: G1Concurrent
Event: 13.014 Executing VM operation: G1Concurrent done
Event: 13.048 Executing VM operation: G1Concurrent
Event: 13.048 Executing VM operation: G1Concurrent done
Event: 13.173 Executing VM operation: ICBufferFull
Event: 13.173 Executing VM operation: ICBufferFull done
Event: 14.182 Executing VM operation: Cleanup
Event: 14.183 Executing VM operation: Cleanup done
Event: 15.198 Executing VM operation: Cleanup
Event: 15.199 Executing VM operation: Cleanup done
Event: 15.245 Executing VM operation: G1CollectForAllocation
Event: 15.261 Executing VM operation: G1CollectForAllocation done
Event: 15.460 Executing VM operation: HandshakeAllThreads
Event: 15.460 Executing VM operation: HandshakeAllThreads done
Event: 15.529 Executing VM operation: HandshakeAllThreads
Event: 15.529 Executing VM operation: HandshakeAllThreads done
Event: 15.581 Executing VM operation: ICBufferFull
Event: 15.581 Executing VM operation: ICBufferFull done
Event: 15.642 Executing VM operation: HandshakeAllThreads
Event: 15.643 Executing VM operation: HandshakeAllThreads done

Events (20 events):
Event: 15.656 Thread 0x0000025cafc841e0 flushing nmethod 0x0000025c9ce62510
Event: 15.656 Thread 0x0000025cafc841e0 flushing nmethod 0x0000025c9ce63490
Event: 15.656 Thread 0x0000025cafc841e0 flushing nmethod 0x0000025c9ce63a10
Event: 15.656 Thread 0x0000025cafc841e0 flushing nmethod 0x0000025c9ce64d90
Event: 15.656 Thread 0x0000025cafc841e0 flushing nmethod 0x0000025c9ce65290
Event: 15.656 Thread 0x0000025cafc841e0 flushing nmethod 0x0000025c9ce65610
Event: 15.656 Thread 0x0000025cafc841e0 flushing nmethod 0x0000025c9ce66210
Event: 15.656 Thread 0x0000025cafc841e0 flushing nmethod 0x0000025c9ce66e10
Event: 15.656 Thread 0x0000025cafc841e0 flushing nmethod 0x0000025c9ce67390
Event: 15.656 Thread 0x0000025cafc841e0 flushing nmethod 0x0000025c9ce67a10
Event: 15.656 Thread 0x0000025cafc841e0 flushing nmethod 0x0000025c9ce68210
Event: 15.656 Thread 0x0000025cafc841e0 flushing nmethod 0x0000025c9ce68b90
Event: 15.656 Thread 0x0000025cafc841e0 flushing nmethod 0x0000025c9ce69610
Event: 15.656 Thread 0x0000025cafc841e0 flushing nmethod 0x0000025c9ce6e490
Event: 15.656 Thread 0x0000025cafc841e0 flushing nmethod 0x0000025c9ce6fa10
Event: 15.656 Thread 0x0000025cafc841e0 flushing nmethod 0x0000025c9ce7a390
Event: 15.656 Thread 0x0000025cafc841e0 flushing nmethod 0x0000025c9ce81b10
Event: 15.656 Thread 0x0000025cafc841e0 flushing nmethod 0x0000025c9ce8c110
Event: 15.656 Thread 0x0000025cafc841e0 flushing nmethod 0x0000025c9ce90a90
Event: 15.657 Thread 0x0000025cafc841e0 flushing nmethod 0x0000025c9ced4f90


Dynamic libraries:
0x00007ff7c3390000 - 0x00007ff7c33a0000 	C:\Program Files\Java\jdk-17\bin\java.exe
0x00007fffd2bb0000 - 0x00007fffd2da8000 	C:\Windows\SYSTEM32\ntdll.dll
0x00007fffd1ab0000 - 0x00007fffd1b6f000 	C:\Windows\System32\KERNEL32.DLL
0x00007fffd02c0000 - 0x00007fffd059a000 	C:\Windows\System32\KERNELBASE.dll
0x00007fffd0a90000 - 0x00007fffd0b90000 	C:\Windows\System32\ucrtbase.dll
0x00007fffc37b0000 - 0x00007fffc37cb000 	C:\Program Files\Java\jdk-17\bin\VCRUNTIME140.dll
0x00007fffcaab0000 - 0x00007fffcaac8000 	C:\Program Files\Java\jdk-17\bin\jli.dll
0x00007fffd1b70000 - 0x00007fffd1c1e000 	C:\Windows\System32\ADVAPI32.dll
0x00007fffd2a30000 - 0x00007fffd2ace000 	C:\Windows\System32\msvcrt.dll
0x00007fffd0e20000 - 0x00007fffd0ebc000 	C:\Windows\System32\sechost.dll
0x00007fffd1c20000 - 0x00007fffd1d46000 	C:\Windows\System32\RPCRT4.dll
0x00007fffd1890000 - 0x00007fffd1a2d000 	C:\Windows\System32\USER32.dll
0x00007fffcf650000 - 0x00007fffcf8ea000 	C:\Windows\WinSxS\amd64_microsoft.windows.common-controls_6595b64144ccf1df_6.0.19041.1110_none_60b5254171f9507e\COMCTL32.dll
0x00007fffd05a0000 - 0x00007fffd05c2000 	C:\Windows\System32\win32u.dll
0x00007fffd2b40000 - 0x00007fffd2b6b000 	C:\Windows\System32\GDI32.dll
0x00007fffd0910000 - 0x00007fffd0a20000 	C:\Windows\System32\gdi32full.dll
0x00007fffd07c0000 - 0x00007fffd085d000 	C:\Windows\System32\msvcp_win.dll
0x00007fffbe590000 - 0x00007fffbe59a000 	C:\Windows\SYSTEM32\VERSION.dll
0x00007fffd29a0000 - 0x00007fffd29d0000 	C:\Windows\System32\IMM32.DLL
0x00007fffc6cf0000 - 0x00007fffc6cfc000 	C:\Program Files\Java\jdk-17\bin\vcruntime140_1.dll
0x00007fffa2940000 - 0x00007fffa29ce000 	C:\Program Files\Java\jdk-17\bin\msvcp140.dll
0x00007fff85aa0000 - 0x00007fff86677000 	C:\Program Files\Java\jdk-17\bin\server\jvm.dll
0x00007fffd2790000 - 0x00007fffd2798000 	C:\Windows\System32\PSAPI.DLL
0x00007fffbb6c0000 - 0x00007fffbb6e7000 	C:\Windows\SYSTEM32\WINMM.dll
0x00007fffbb6f0000 - 0x00007fffbb6f9000 	C:\Windows\SYSTEM32\WSOCK32.dll
0x00007fffd2ad0000 - 0x00007fffd2b3b000 	C:\Windows\System32\WS2_32.dll
0x00007fffce4a0000 - 0x00007fffce4b2000 	C:\Windows\SYSTEM32\kernel.appcore.dll
0x00007fffc6a10000 - 0x00007fffc6a1a000 	C:\Program Files\Java\jdk-17\bin\jimage.dll
0x00007fffcfab0000 - 0x00007fffcfc94000 	C:\Windows\SYSTEM32\DBGHELP.DLL
0x00007fffcfa70000 - 0x00007fffcfaa4000 	C:\Windows\SYSTEM32\dbgcore.DLL
0x00007fffd05d0000 - 0x00007fffd0652000 	C:\Windows\System32\bcryptPrimitives.dll
0x00007fffc3250000 - 0x00007fffc3275000 	C:\Program Files\Java\jdk-17\bin\java.dll
0x00007fff8c170000 - 0x00007fff8c247000 	C:\Program Files\Java\jdk-17\bin\jsvml.dll
0x00007fffd0f30000 - 0x00007fffd1674000 	C:\Windows\System32\SHELL32.dll
0x00007fffcd610000 - 0x00007fffcdda3000 	C:\Windows\SYSTEM32\windows.storage.dll
0x00007fffd2430000 - 0x00007fffd2784000 	C:\Windows\System32\combase.dll
0x00007fffcf5b0000 - 0x00007fffcf5de000 	C:\Windows\SYSTEM32\Wldp.dll
0x00007fffd1f00000 - 0x00007fffd1fad000 	C:\Windows\System32\SHCORE.dll
0x00007fffd1830000 - 0x00007fffd1885000 	C:\Windows\System32\shlwapi.dll
0x00007fffd0200000 - 0x00007fffd021f000 	C:\Windows\SYSTEM32\profapi.dll
0x00007fffb8030000 - 0x00007fffb8049000 	C:\Program Files\Java\jdk-17\bin\net.dll
0x00007fffc4630000 - 0x00007fffc473a000 	C:\Windows\SYSTEM32\WINHTTP.dll
0x00007fffcf480000 - 0x00007fffcf4ea000 	C:\Windows\system32\mswsock.dll
0x00007fffb6830000 - 0x00007fffb6846000 	C:\Program Files\Java\jdk-17\bin\nio.dll
0x00007fffb1750000 - 0x00007fffb1768000 	C:\Program Files\Java\jdk-17\bin\zip.dll
0x00007fffc39a0000 - 0x00007fffc39b0000 	C:\Program Files\Java\jdk-17\bin\verify.dll
0x00007fffcdfe0000 - 0x00007fffcdfea000 	C:\Program Files\NetBeans-12.5\netbeans\java\maven\lib\jansi-native\windows64\jansi.dll

dbghelp: loaded successfully - version: 4.0.5 - missing functions: none
symbol engine: initialized successfully - sym options: 0x614 - pdb path: .;C:\Program Files\Java\jdk-17\bin;C:\Windows\SYSTEM32;C:\Windows\WinSxS\amd64_microsoft.windows.common-controls_6595b64144ccf1df_6.0.19041.1110_none_60b5254171f9507e;C:\Program Files\Java\jdk-17\bin\server;C:\Program Files\NetBeans-12.5\netbeans\java\maven\lib\jansi-native\windows64

VM Arguments:
jvm_args: -Dclassworlds.conf=C:\Program Files\NetBeans-12.5\netbeans\java\maven\bin\..\bin\m2.conf -Dmaven.home=C:\Program Files\NetBeans-12.5\netbeans\java\maven\bin\.. -Dlibrary.jansi.path=C:\Program Files\NetBeans-12.5\netbeans\java\maven\bin\..\lib\jansi-native -Dmaven.multiModuleProjectDirectory=C:\Users\W10\Desktop\PortfolioWeb\PW_BackEnd 
java_command: org.codehaus.plexus.classworlds.launcher.Launcher -Dmaven.ext.class.path=C:\Program Files\NetBeans-12.5\netbeans\java\maven-nblib\netbeans-eventspy.jar -Dfile.encoding=UTF-8 --debug --errors --debug --errors --errors clean install
java_class_path (initial): C:\Program Files\NetBeans-12.5\netbeans\java\maven\bin\..\boot\plexus-classworlds-2.6.0.jar
Launcher Type: SUN_STANDARD

[Global flags]
     intx CICompilerCount                          = 3                                         {product} {ergonomic}
     uint ConcGCThreads                            = 1                                         {product} {ergonomic}
     uint G1ConcRefinementThreads                  = 4                                         {product} {ergonomic}
   size_t G1HeapRegionSize                         = 1048576                                   {product} {ergonomic}
    uintx GCDrainStackTargetSize                   = 64                                        {product} {ergonomic}
   size_t InitialHeapSize                          = 67108864                                  {product} {ergonomic}
   size_t MarkStackSize                            = 4194304                                   {product} {ergonomic}
   size_t MaxHeapSize                              = 1061158912                                {product} {ergonomic}
   size_t MaxNewSize                               = 636485632                                 {product} {ergonomic}
   size_t MinHeapDeltaBytes                        = 1048576                                   {product} {ergonomic}
   size_t MinHeapSize                              = 8388608                                   {product} {ergonomic}
    uintx NonNMethodCodeHeapSize                   = 5832780                                {pd product} {ergonomic}
    uintx NonProfiledCodeHeapSize                  = 122912730                              {pd product} {ergonomic}
    uintx ProfiledCodeHeapSize                     = 122912730                              {pd product} {ergonomic}
    uintx ReservedCodeCacheSize                    = 251658240                              {pd product} {ergonomic}
     bool SegmentedCodeCache                       = true                                      {product} {ergonomic}
   size_t SoftMaxHeapSize                          = 1061158912                             {manageable} {ergonomic}
     bool UseCompressedClassPointers               = true                           {product lp64_product} {ergonomic}
     bool UseCompressedOops                        = true                           {product lp64_product} {ergonomic}
     bool UseG1GC                                  = true                                      {product} {ergonomic}
     bool UseLargePagesIndividualAllocation        = false                                  {pd product} {ergonomic}

Logging:
Log output configuration:
 #0: stdout all=warning uptime,level,tags
 #1: stderr all=off uptime,level,tags

Environment Variables:
JAVA_HOME=C:\Program Files\Java\jdk-17
PATH=C:\Program Files\Common Files\Oracle\Java\javapath;C:\Program Files (x86)\Common Files\Oracle\Java\javapath;C:\Windows\system32;C:\Windows;C:\Windows\System32\Wbem;C:\Windows\System32\WindowsPowerShell\v1.0\;C:\Windows\System32\OpenSSH\;C:\Program Files (x86)\ATI Technologies\ATI.ACE\Core-Static;C:\Program Files\Git\cmd;C:\Program Files\Java\jdk-17.0.5\bin;C:\Program Files\Java\jdk1.8.0_361\bin;C:\Program Files\Java\jdk-17\bin;C:\Program Files\nodejs\;C:\Program Files\MySQL\MySQL Shell 8.0\bin\;C:\Users\W10\AppData\Local\Microsoft\WindowsApps;C:\Users\W10\AppData\Local\Programs\Microsoft VS Code\bin;C:\Users\W10\AppData\Local\GitHubDesktop\bin;C:\Users\W10\AppData\Roaming\npm
USERNAME=W10
OS=Windows_NT
PROCESSOR_IDENTIFIER=Intel64 Family 6 Model 42 Stepping 7, GenuineIntel



---------------  S Y S T E M  ---------------

OS:
 Windows 10 , 64 bit Build 19041 (10.0.19041.2788)
OS uptime: 10 days 5:31 hours

CPU: total 4 (initial active 4) (2 cores per cpu, 2 threads per core) family 6 model 42 stepping 7 microcode 0x2f, cx8, cmov, fxsr, ht, mmx, sse, sse2, sse3, ssse3, sse4.1, sse4.2, popcnt, tsc, tscinvbit, avx, aes, clmul, vzeroupper, clflush

Memory: 4k page, system-wide physical 4043M (288M free)
TotalPageFile size 8395M (AvailPageFile size 1464M)
current process WorkingSet (physical memory assigned to process): 236M, peak: 238M
current process commit charge ("private bytes"): 265M, peak: 272M

vm_info: Java HotSpot(TM) 64-Bit Server VM (17.0.6+9-LTS-190) for windows-amd64 JRE (17.0.6+9-LTS-190), built on Dec  6 2022 15:53:54 by "mach5one" with MS VC++ 17.1 (VS2022)

END.
